# JRE version: OpenJDK Runtime Environment Corretto-18.0.2.9.1 (18.0.2+9) (build 18.0.2+9-FR)
# Java VM: OpenJDK 64-Bit Server VM Corretto-18.0.2.9.1 (18.0.2+9-FR, mixed mode, sharing, tiered, compressed oops, compressed class ptrs, g1 gc, windows-amd64)
GC Precious Log:
 CardTable entry size: 512
 Card Set container configuration: InlinePtr #cards 4 size 8 Array Of Cards #cards 16 size 48 Howl #buckets 8 coarsen threshold 3686 Howl Bitmap #cards 512 size 80 coarsen threshold 460 Card regions per heap region 1 cards per card region 4096
 CPUs: 8 total, 8 available
 Memory: 16075M
 Large Page Support: Disabled
 NUMA Support: Disabled
 Compressed Oops: Enabled (Zero based)
 Heap Region Size: 2M
 Heap Min Capacity: 8M
 Heap Initial Capacity: 252M
 Heap Max Capacity: 4020M
 Pre-touch: Disabled
 Parallel Workers: 8
 Concurrent Workers: 2
 Concurrent Refinement Workers: 8
 Periodic GC: Disabled
Heap:
 garbage-first heap   total 258048K, used 48464K [0x0000000704c00000, 0x0000000800000000)
  region size 2048K, 18 young (36864K), 1 survivors (2048K)
 Metaspace       used 7608K, committed 7872K, reserved 1114112K
  class space    used 381K, committed 512K, reserved 1048576K
GC Heap History (20 events):
Event: 1.371 GC heap before
{Heap before GC invocations=0 (full 0):
 garbage-first heap   total 258048K, used 20480K [0x0000000704c00000, 0x0000000800000000)
  region size 2048K, 11 young (22528K), 0 survivors (0K)
 Metaspace       used 6410K, committed 6592K, reserved 1114112K
  class space    used 341K, committed 448K, reserved 1048576K
}
Event: 1.377 GC heap after
{Heap after GC invocations=1 (full 0):
 garbage-first heap   total 258048K, used 5847K [0x0000000704c00000, 0x0000000800000000)
  region size 2048K, 2 young (4096K), 2 survivors (4096K)
 Metaspace       used 6410K, committed 6592K, reserved 1114112K
  class space    used 341K, committed 448K, reserved 1048576K
}
Event: 2.628 GC heap before
{Heap before GC invocations=1 (full 0):
 garbage-first heap   total 258048K, used 32471K [0x0000000704c00000, 0x0000000800000000)
  region size 2048K, 15 young (30720K), 2 survivors (4096K)
 Metaspace       used 6897K, committed 7104K, reserved 1114112K
  class space    used 380K, committed 512K, reserved 1048576K
}
Event: 2.638 GC heap after
{Heap after GC invocations=2 (full 0):
 garbage-first heap   total 258048K, used 14908K [0x0000000704c00000, 0x0000000800000000)
  region size 2048K, 2 young (4096K), 2 survivors (4096K)
 Metaspace       used 6897K, committed 7104K, reserved 1114112K
  class space    used 380K, committed 512K, reserved 1048576K
}
Event: 3.540 GC heap before
{Heap before GC invocations=2 (full 0):
 garbage-first heap   total 258048K, used 45628K [0x0000000704c00000, 0x0000000800000000)
  region size 2048K, 18 young (36864K), 2 survivors (4096K)
 Metaspace       used 7099K, committed 7360K, reserved 1114112K
  class space    used 380K, committed 512K, reserved 1048576K
}
Event: 3.543 GC heap after
{Heap after GC invocations=3 (full 0):
 garbage-first heap   total 258048K, used 16179K [0x0000000704c00000, 0x0000000800000000)
  region size 2048K, 1 young (2048K), 1 survivors (2048K)
 Metaspace       used 7099K, committed 7360K, reserved 1114112K
  class space    used 380K, committed 512K, reserved 1048576K
}
Event: 7.734 GC heap before
{Heap before GC invocations=3 (full 0):
 garbage-first heap   total 258048K, used 167731K [0x0000000704c00000, 0x0000000800000000)
  region size 2048K, 75 young (153600K), 1 survivors (2048K)
 Metaspace       used 7264K, committed 7488K, reserved 1114112K
  class space    used 380K, committed 512K, reserved 1048576K
}
Event: 7.736 GC heap after
{Heap after GC invocations=4 (full 0):
 garbage-first heap   total 258048K, used 15754K [0x0000000704c00000, 0x0000000800000000)
  region size 2048K, 1 young (2048K), 1 survivors (2048K)
 Metaspace       used 7264K, committed 7488K, reserved 1114112K
  class space    used 380K, committed 512K, reserved 1048576K
}
Event: 11.854 GC heap before
{Heap before GC invocations=4 (full 0):
 garbage-first heap   total 258048K, used 167306K [0x0000000704c00000, 0x0000000800000000)
  region size 2048K, 75 young (153600K), 1 survivors (2048K)
 Metaspace       used 7322K, committed 7552K, reserved 1114112K
  class space    used 380K, committed 512K, reserved 1048576K
}
Event: 11.855 GC heap after
{Heap after GC invocations=5 (full 0):
 garbage-first heap   total 258048K, used 15704K [0x0000000704c00000, 0x0000000800000000)
  region size 2048K, 1 young (2048K), 1 survivors (2048K)
 Metaspace       used 7322K, committed 7552K, reserved 1114112K
  class space    used 380K, committed 512K, reserved 1048576K
}
Event: 16.081 GC heap before
{Heap before GC invocations=5 (full 0):
 garbage-first heap   total 258048K, used 167256K [0x0000000704c00000, 0x0000000800000000)
  region size 2048K, 75 young (153600K), 1 survivors (2048K)
 Metaspace       used 7453K, committed 7680K, reserved 1114112K
  class space    used 380K, committed 512K, reserved 1048576K
}
Event: 16.083 GC heap after
{Heap after GC invocations=6 (full 0):
 garbage-first heap   total 258048K, used 15694K [0x0000000704c00000, 0x0000000800000000)
  region size 2048K, 1 young (2048K), 1 survivors (2048K)
 Metaspace       used 7453K, committed 7680K, reserved 1114112K
  class space    used 380K, committed 512K, reserved 1048576K
}
Event: 20.693 GC heap before
{Heap before GC invocations=6 (full 0):
 garbage-first heap   total 258048K, used 167246K [0x0000000704c00000, 0x0000000800000000)
  region size 2048K, 75 young (153600K), 1 survivors (2048K)
 Metaspace       used 7510K, committed 7744K, reserved 1114112K
  class space    used 380K, committed 512K, reserved 1048576K
}
Event: 20.694 GC heap after
{Heap after GC invocations=7 (full 0):
 garbage-first heap   total 258048K, used 16097K [0x0000000704c00000, 0x0000000800000000)
  region size 2048K, 1 young (2048K), 1 survivors (2048K)
 Metaspace       used 7510K, committed 7744K, reserved 1114112K
  class space    used 380K, committed 512K, reserved 1048576K
}
Event: 26.188 GC heap before
{Heap before GC invocations=7 (full 0):
 garbage-first heap   total 258048K, used 167649K [0x0000000704c00000, 0x0000000800000000)
  region size 2048K, 75 young (153600K), 1 survivors (2048K)
 Metaspace       used 7588K, committed 7808K, reserved 1114112K
  class space    used 380K, committed 512K, reserved 1048576K
}
Event: 26.190 GC heap after
{Heap after GC invocations=8 (full 0):
 garbage-first heap   total 258048K, used 16162K [0x0000000704c00000, 0x0000000800000000)
  region size 2048K, 1 young (2048K), 1 survivors (2048K)
 Metaspace       used 7588K, committed 7808K, reserved 1114112K
  class space    used 380K, committed 512K, reserved 1048576K
}
Event: 31.262 GC heap before
{Heap before GC invocations=8 (full 0):
 garbage-first heap   total 258048K, used 167714K [0x0000000704c00000, 0x0000000800000000)
  region size 2048K, 75 young (153600K), 1 survivors (2048K)
 Metaspace       used 7595K, committed 7808K, reserved 1114112K
  class space    used 380K, committed 512K, reserved 1048576K
}
Event: 31.265 GC heap after
{Heap after GC invocations=9 (full 0):
 garbage-first heap   total 258048K, used 15714K [0x0000000704c00000, 0x0000000800000000)
  region size 2048K, 1 young (2048K), 1 survivors (2048K)
 Metaspace       used 7595K, committed 7808K, reserved 1114112K
  class space    used 380K, committed 512K, reserved 1048576K
}
Event: 40.144 GC heap before
{Heap before GC invocations=9 (full 0):
 garbage-first heap   total 258048K, used 167266K [0x0000000704c00000, 0x0000000800000000)
  region size 2048K, 75 young (153600K), 1 survivors (2048K)
 Metaspace       used 7605K, committed 7872K, reserved 1114112K
  class space    used 380K, committed 512K, reserved 1048576K
}
Event: 40.147 GC heap after
{Heap after GC invocations=10 (full 0):
 garbage-first heap   total 258048K, used 15696K [0x0000000704c00000, 0x0000000800000000)
  region size 2048K, 1 young (2048K), 1 survivors (2048K)
 Metaspace       used 7605K, committed 7872K, reserved 1114112K
  class space    used 380K, committed 512K, reserved 1048576K
}

