# JRE version: OpenJDK Runtime Environment Corretto-18.0.2.9.1 (18.0.2+9) (build 18.0.2+9-FR)
# Java VM: OpenJDK 64-Bit Server VM Corretto-18.0.2.9.1 (18.0.2+9-FR, mixed mode, sharing, tiered, compressed oops, compressed class ptrs, g1 gc, windows-amd64)
GC Precious Log:
 CardTable entry size: 512
 Card Set container configuration: InlinePtr #cards 4 size 8 Array Of Cards #cards 16 size 48 Howl #buckets 8 coarsen threshold 3686 Howl Bitmap #cards 512 size 80 coarsen threshold 460 Card regions per heap region 1 cards per card region 4096
 CPUs: 8 total, 8 available
 Memory: 16075M
 Large Page Support: Disabled
 NUMA Support: Disabled
 Compressed Oops: Enabled (Zero based)
 Heap Region Size: 2M
 Heap Min Capacity: 8M
 Heap Initial Capacity: 252M
 Heap Max Capacity: 4020M
 Pre-touch: Disabled
 Parallel Workers: 8
 Concurrent Workers: 2
 Concurrent Refinement Workers: 8
 Periodic GC: Disabled
Heap:
 garbage-first heap   total 258048K, used 119770K [0x0000000704c00000, 0x0000000800000000)
  region size 2048K, 53 young (108544K), 1 survivors (2048K)
 Metaspace       used 7701K, committed 7936K, reserved 1114112K
  class space    used 391K, committed 512K, reserved 1048576K
GC Heap History (20 events):
Event: 8.540 GC heap before
{Heap before GC invocations=3 (full 0):
 garbage-first heap   total 258048K, used 167183K [0x0000000704c00000, 0x0000000800000000)
  region size 2048K, 75 young (153600K), 1 survivors (2048K)
 Metaspace       used 7373K, committed 7616K, reserved 1114112K
  class space    used 386K, committed 512K, reserved 1048576K
}
Event: 8.541 GC heap after
{Heap after GC invocations=4 (full 0):
 garbage-first heap   total 258048K, used 15345K [0x0000000704c00000, 0x0000000800000000)
  region size 2048K, 1 young (2048K), 1 survivors (2048K)
 Metaspace       used 7373K, committed 7616K, reserved 1114112K
  class space    used 386K, committed 512K, reserved 1048576K
}
Event: 13.520 GC heap before
{Heap before GC invocations=4 (full 0):
 garbage-first heap   total 258048K, used 166897K [0x0000000704c00000, 0x0000000800000000)
  region size 2048K, 75 young (153600K), 1 survivors (2048K)
 Metaspace       used 7567K, committed 7808K, reserved 1114112K
  class space    used 386K, committed 512K, reserved 1048576K
}
Event: 13.522 GC heap after
{Heap after GC invocations=5 (full 0):
 garbage-first heap   total 258048K, used 15285K [0x0000000704c00000, 0x0000000800000000)
  region size 2048K, 1 young (2048K), 1 survivors (2048K)
 Metaspace       used 7567K, committed 7808K, reserved 1114112K
  class space    used 386K, committed 512K, reserved 1048576K
}
Event: 18.519 GC heap before
{Heap before GC invocations=5 (full 0):
 garbage-first heap   total 258048K, used 166837K [0x0000000704c00000, 0x0000000800000000)
  region size 2048K, 75 young (153600K), 1 survivors (2048K)
 Metaspace       used 7601K, committed 7808K, reserved 1114112K
  class space    used 386K, committed 512K, reserved 1048576K
}
Event: 18.520 GC heap after
{Heap after GC invocations=6 (full 0):
 garbage-first heap   total 258048K, used 15257K [0x0000000704c00000, 0x0000000800000000)
  region size 2048K, 1 young (2048K), 1 survivors (2048K)
 Metaspace       used 7601K, committed 7808K, reserved 1114112K
  class space    used 386K, committed 512K, reserved 1048576K
}
Event: 23.422 GC heap before
{Heap before GC invocations=6 (full 0):
 garbage-first heap   total 258048K, used 166809K [0x0000000704c00000, 0x0000000800000000)
  region size 2048K, 75 young (153600K), 1 survivors (2048K)
 Metaspace       used 7602K, committed 7808K, reserved 1114112K
  class space    used 386K, committed 512K, reserved 1048576K
}
Event: 23.423 GC heap after
{Heap after GC invocations=7 (full 0):
 garbage-first heap   total 258048K, used 15297K [0x0000000704c00000, 0x0000000800000000)
  region size 2048K, 1 young (2048K), 1 survivors (2048K)
 Metaspace       used 7602K, committed 7808K, reserved 1114112K
  class space    used 386K, committed 512K, reserved 1048576K
}
Event: 28.470 GC heap before
{Heap before GC invocations=7 (full 0):
 garbage-first heap   total 258048K, used 166849K [0x0000000704c00000, 0x0000000800000000)
  region size 2048K, 75 young (153600K), 1 survivors (2048K)
 Metaspace       used 7603K, committed 7808K, reserved 1114112K
  class space    used 386K, committed 512K, reserved 1048576K
}
Event: 28.472 GC heap after
{Heap after GC invocations=8 (full 0):
 garbage-first heap   total 258048K, used 15300K [0x0000000704c00000, 0x0000000800000000)
  region size 2048K, 1 young (2048K), 1 survivors (2048K)
 Metaspace       used 7603K, committed 7808K, reserved 1114112K
  class space    used 386K, committed 512K, reserved 1048576K
}
Event: 33.533 GC heap before
{Heap before GC invocations=8 (full 0):
 garbage-first heap   total 258048K, used 166852K [0x0000000704c00000, 0x0000000800000000)
  region size 2048K, 75 young (153600K), 1 survivors (2048K)
 Metaspace       used 7614K, committed 7872K, reserved 1114112K
  class space    used 386K, committed 512K, reserved 1048576K
}
Event: 33.535 GC heap after
{Heap after GC invocations=9 (full 0):
 garbage-first heap   total 258048K, used 15282K [0x0000000704c00000, 0x0000000800000000)
  region size 2048K, 1 young (2048K), 1 survivors (2048K)
 Metaspace       used 7614K, committed 7872K, reserved 1114112K
  class space    used 386K, committed 512K, reserved 1048576K
}
Event: 38.616 GC heap before
{Heap before GC invocations=9 (full 0):
 garbage-first heap   total 258048K, used 166834K [0x0000000704c00000, 0x0000000800000000)
  region size 2048K, 75 young (153600K), 1 survivors (2048K)
 Metaspace       used 7614K, committed 7872K, reserved 1114112K
  class space    used 386K, committed 512K, reserved 1048576K
}
Event: 38.618 GC heap after
{Heap after GC invocations=10 (full 0):
 garbage-first heap   total 258048K, used 15306K [0x0000000704c00000, 0x0000000800000000)
  region size 2048K, 1 young (2048K), 1 survivors (2048K)
 Metaspace       used 7614K, committed 7872K, reserved 1114112K
  class space    used 386K, committed 512K, reserved 1048576K
}
Event: 43.816 GC heap before
{Heap before GC invocations=10 (full 0):
 garbage-first heap   total 258048K, used 166858K [0x0000000704c00000, 0x0000000800000000)
  region size 2048K, 75 young (153600K), 1 survivors (2048K)
 Metaspace       used 7664K, committed 7872K, reserved 1114112K
  class space    used 390K, committed 512K, reserved 1048576K
}
Event: 43.817 GC heap after
{Heap after GC invocations=11 (full 0):
 garbage-first heap   total 258048K, used 15705K [0x0000000704c00000, 0x0000000800000000)
  region size 2048K, 1 young (2048K), 1 survivors (2048K)
 Metaspace       used 7664K, committed 7872K, reserved 1114112K
  class space    used 390K, committed 512K, reserved 1048576K
}
Event: 48.969 GC heap before
{Heap before GC invocations=11 (full 0):
 garbage-first heap   total 258048K, used 167257K [0x0000000704c00000, 0x0000000800000000)
  region size 2048K, 75 young (153600K), 1 survivors (2048K)
 Metaspace       used 7678K, committed 7936K, reserved 1114112K
  class space    used 390K, committed 512K, reserved 1048576K
}
Event: 48.970 GC heap after
{Heap after GC invocations=12 (full 0):
 garbage-first heap   total 258048K, used 15346K [0x0000000704c00000, 0x0000000800000000)
  region size 2048K, 1 young (2048K), 1 survivors (2048K)
 Metaspace       used 7678K, committed 7936K, reserved 1114112K
  class space    used 390K, committed 512K, reserved 1048576K
}
Event: 54.135 GC heap before
{Heap before GC invocations=12 (full 0):
 garbage-first heap   total 258048K, used 166898K [0x0000000704c00000, 0x0000000800000000)
  region size 2048K, 75 young (153600K), 1 survivors (2048K)
 Metaspace       used 7698K, committed 7936K, reserved 1114112K
  class space    used 390K, committed 512K, reserved 1048576K
}
Event: 54.136 GC heap after
{Heap after GC invocations=13 (full 0):
 garbage-first heap   total 258048K, used 15322K [0x0000000704c00000, 0x0000000800000000)
  region size 2048K, 1 young (2048K), 1 survivors (2048K)
 Metaspace       used 7698K, committed 7936K, reserved 1114112K
  class space    used 390K, committed 512K, reserved 1048576K
}

