# JRE version: OpenJDK Runtime Environment Corretto-18.0.2.9.1 (18.0.2+9) (build 18.0.2+9-FR)
# Java VM: OpenJDK 64-Bit Server VM Corretto-18.0.2.9.1 (18.0.2+9-FR, mixed mode, sharing, tiered, compressed oops, compressed class ptrs, g1 gc, windows-amd64)
GC Precious Log:
 CardTable entry size: 512
 Card Set container configuration: InlinePtr #cards 4 size 8 Array Of Cards #cards 16 size 48 Howl #buckets 8 coarsen threshold 3686 Howl Bitmap #cards 512 size 80 coarsen threshold 460 Card regions per heap region 1 cards per card region 4096
 CPUs: 8 total, 8 available
 Memory: 16075M
 Large Page Support: Disabled
 NUMA Support: Disabled
 Compressed Oops: Enabled (Zero based)
 Heap Region Size: 2M
 Heap Min Capacity: 8M
 Heap Initial Capacity: 252M
 Heap Max Capacity: 4020M
 Pre-touch: Disabled
 Parallel Workers: 8
 Concurrent Workers: 2
 Concurrent Refinement Workers: 8
 Periodic GC: Disabled
Heap:
 garbage-first heap   total 258048K, used 26079K [0x0000000704c00000, 0x0000000800000000)
  region size 2048K, 7 young (14336K), 1 survivors (2048K)
 Metaspace       used 7523K, committed 7808K, reserved 1114112K
  class space    used 391K, committed 512K, reserved 1048576K
GC Heap History (14 events):
Event: 1.075 GC heap before
{Heap before GC invocations=0 (full 0):
 garbage-first heap   total 258048K, used 20480K [0x0000000704c00000, 0x0000000800000000)
  region size 2048K, 11 young (22528K), 0 survivors (0K)
 Metaspace       used 6204K, committed 6336K, reserved 1114112K
  class space    used 322K, committed 384K, reserved 1048576K
}
Event: 1.078 GC heap after
{Heap after GC invocations=1 (full 0):
 garbage-first heap   total 258048K, used 5735K [0x0000000704c00000, 0x0000000800000000)
  region size 2048K, 2 young (4096K), 2 survivors (4096K)
 Metaspace       used 6204K, committed 6336K, reserved 1114112K
  class space    used 322K, committed 384K, reserved 1048576K
}
Event: 1.930 GC heap before
{Heap before GC invocations=1 (full 0):
 garbage-first heap   total 258048K, used 30311K [0x0000000704c00000, 0x0000000800000000)
  region size 2048K, 15 young (30720K), 2 survivors (4096K)
 Metaspace       used 6865K, committed 7104K, reserved 1114112K
  class space    used 385K, committed 512K, reserved 1048576K
}
Event: 1.936 GC heap after
{Heap after GC invocations=2 (full 0):
 garbage-first heap   total 258048K, used 14933K [0x0000000704c00000, 0x0000000800000000)
  region size 2048K, 2 young (4096K), 2 survivors (4096K)
 Metaspace       used 6865K, committed 7104K, reserved 1114112K
  class space    used 385K, committed 512K, reserved 1048576K
}
Event: 2.664 GC heap before
{Heap before GC invocations=2 (full 0):
 garbage-first heap   total 258048K, used 45653K [0x0000000704c00000, 0x0000000800000000)
  region size 2048K, 18 young (36864K), 2 survivors (4096K)
 Metaspace       used 6932K, committed 7168K, reserved 1114112K
  class space    used 385K, committed 512K, reserved 1048576K
}
Event: 2.666 GC heap after
{Heap after GC invocations=3 (full 0):
 garbage-first heap   total 258048K, used 16043K [0x0000000704c00000, 0x0000000800000000)
  region size 2048K, 1 young (2048K), 1 survivors (2048K)
 Metaspace       used 6932K, committed 7168K, reserved 1114112K
  class space    used 385K, committed 512K, reserved 1048576K
}
Event: 5.664 GC heap before
{Heap before GC invocations=3 (full 0):
 garbage-first heap   total 258048K, used 165547K [0x0000000704c00000, 0x0000000800000000)
  region size 2048K, 75 young (153600K), 1 survivors (2048K)
 Metaspace       used 7280K, committed 7488K, reserved 1114112K
  class space    used 386K, committed 512K, reserved 1048576K
}
Event: 5.665 GC heap after
{Heap after GC invocations=4 (full 0):
 garbage-first heap   total 258048K, used 15897K [0x0000000704c00000, 0x0000000800000000)
  region size 2048K, 1 young (2048K), 1 survivors (2048K)
 Metaspace       used 7280K, committed 7488K, reserved 1114112K
  class space    used 386K, committed 512K, reserved 1048576K
}
Event: 9.049 GC heap before
{Heap before GC invocations=4 (full 0):
 garbage-first heap   total 258048K, used 167449K [0x0000000704c00000, 0x0000000800000000)
  region size 2048K, 75 young (153600K), 1 survivors (2048K)
 Metaspace       used 7418K, committed 7616K, reserved 1114112K
  class space    used 390K, committed 512K, reserved 1048576K
}
Event: 9.050 GC heap after
{Heap after GC invocations=5 (full 0):
 garbage-first heap   total 258048K, used 15868K [0x0000000704c00000, 0x0000000800000000)
  region size 2048K, 1 young (2048K), 1 survivors (2048K)
 Metaspace       used 7418K, committed 7616K, reserved 1114112K
  class space    used 390K, committed 512K, reserved 1048576K
}
Event: 13.616 GC heap before
{Heap before GC invocations=5 (full 0):
 garbage-first heap   total 258048K, used 167420K [0x0000000704c00000, 0x0000000800000000)
  region size 2048K, 75 young (153600K), 1 survivors (2048K)
 Metaspace       used 7473K, committed 7680K, reserved 1114112K
  class space    used 390K, committed 512K, reserved 1048576K
}
Event: 13.623 GC heap after
{Heap after GC invocations=6 (full 0):
 garbage-first heap   total 258048K, used 15839K [0x0000000704c00000, 0x0000000800000000)
  region size 2048K, 1 young (2048K), 1 survivors (2048K)
 Metaspace       used 7473K, committed 7680K, reserved 1114112K
  class space    used 390K, committed 512K, reserved 1048576K
}
Event: 25.978 GC heap before
{Heap before GC invocations=6 (full 0):
 garbage-first heap   total 258048K, used 167391K [0x0000000704c00000, 0x0000000800000000)
  region size 2048K, 75 young (153600K), 1 survivors (2048K)
 Metaspace       used 7520K, committed 7744K, reserved 1114112K
  class space    used 390K, committed 512K, reserved 1048576K
}
Event: 25.987 GC heap after
{Heap after GC invocations=7 (full 0):
 garbage-first heap   total 258048K, used 15839K [0x0000000704c00000, 0x0000000800000000)
  region size 2048K, 1 young (2048K), 1 survivors (2048K)
 Metaspace       used 7520K, committed 7744K, reserved 1114112K
  class space    used 390K, committed 512K, reserved 1048576K
}

