# JRE version: OpenJDK Runtime Environment Corretto-18.0.2.9.1 (18.0.2+9) (build 18.0.2+9-FR)
# Java VM: OpenJDK 64-Bit Server VM Corretto-18.0.2.9.1 (18.0.2+9-FR, mixed mode, sharing, tiered, compressed oops, compressed class ptrs, g1 gc, windows-amd64)
GC Precious Log:
 CardTable entry size: 512
 Card Set container configuration: InlinePtr #cards 4 size 8 Array Of Cards #cards 16 size 48 Howl #buckets 8 coarsen threshold 3686 Howl Bitmap #cards 512 size 80 coarsen threshold 460 Card regions per heap region 1 cards per card region 4096
 CPUs: 8 total, 8 available
 Memory: 16075M
 Large Page Support: Disabled
 NUMA Support: Disabled
 Compressed Oops: Enabled (Zero based)
 Heap Region Size: 2M
 Heap Min Capacity: 8M
 Heap Initial Capacity: 252M
 Heap Max Capacity: 4020M
 Pre-touch: Disabled
 Parallel Workers: 8
 Concurrent Workers: 2
 Concurrent Refinement Workers: 8
 Periodic GC: Disabled
Heap:
 garbage-first heap   total 258048K, used 112079K [0x0000000704c00000, 0x0000000800000000)
  region size 2048K, 49 young (100352K), 1 survivors (2048K)
 Metaspace       used 7704K, committed 7936K, reserved 1114112K
  class space    used 399K, committed 512K, reserved 1048576K
GC Heap History (12 events):
Event: 1.159 GC heap before
{Heap before GC invocations=0 (full 0):
 garbage-first heap   total 258048K, used 20480K [0x0000000704c00000, 0x0000000800000000)
  region size 2048K, 11 young (22528K), 0 survivors (0K)
 Metaspace       used 6412K, committed 6592K, reserved 1114112K
  class space    used 342K, committed 448K, reserved 1048576K
}
Event: 1.164 GC heap after
{Heap after GC invocations=1 (full 0):
 garbage-first heap   total 258048K, used 6018K [0x0000000704c00000, 0x0000000800000000)
  region size 2048K, 2 young (4096K), 2 survivors (4096K)
 Metaspace       used 6412K, committed 6592K, reserved 1114112K
  class space    used 342K, committed 448K, reserved 1048576K
}
Event: 2.192 GC heap before
{Heap before GC invocations=1 (full 0):
 garbage-first heap   total 258048K, used 30594K [0x0000000704c00000, 0x0000000800000000)
  region size 2048K, 15 young (30720K), 2 survivors (4096K)
 Metaspace       used 6897K, committed 7104K, reserved 1114112K
  class space    used 385K, committed 512K, reserved 1048576K
}
Event: 2.201 GC heap after
{Heap after GC invocations=2 (full 0):
 garbage-first heap   total 258048K, used 14995K [0x0000000704c00000, 0x0000000800000000)
  region size 2048K, 2 young (4096K), 2 survivors (4096K)
 Metaspace       used 6897K, committed 7104K, reserved 1114112K
  class space    used 385K, committed 512K, reserved 1048576K
}
Event: 3.436 GC heap before
{Heap before GC invocations=2 (full 0):
 garbage-first heap   total 258048K, used 49811K [0x0000000704c00000, 0x0000000800000000)
  region size 2048K, 19 young (38912K), 2 survivors (4096K)
 Metaspace       used 7092K, committed 7360K, reserved 1114112K
  class space    used 385K, committed 512K, reserved 1048576K
}
Event: 3.438 GC heap after
{Heap after GC invocations=3 (full 0):
 garbage-first heap   total 258048K, used 16301K [0x0000000704c00000, 0x0000000800000000)
  region size 2048K, 1 young (2048K), 1 survivors (2048K)
 Metaspace       used 7092K, committed 7360K, reserved 1114112K
  class space    used 385K, committed 512K, reserved 1048576K
}
Event: 8.981 GC heap before
{Heap before GC invocations=3 (full 0):
 garbage-first heap   total 258048K, used 167853K [0x0000000704c00000, 0x0000000800000000)
  region size 2048K, 75 young (153600K), 1 survivors (2048K)
 Metaspace       used 7434K, committed 7680K, reserved 1114112K
  class space    used 390K, committed 512K, reserved 1048576K
}
Event: 8.982 GC heap after
{Heap after GC invocations=4 (full 0):
 garbage-first heap   total 258048K, used 15789K [0x0000000704c00000, 0x0000000800000000)
  region size 2048K, 1 young (2048K), 1 survivors (2048K)
 Metaspace       used 7434K, committed 7680K, reserved 1114112K
  class space    used 390K, committed 512K, reserved 1048576K
}
Event: 14.689 GC heap before
{Heap before GC invocations=4 (full 0):
 garbage-first heap   total 258048K, used 167341K [0x0000000704c00000, 0x0000000800000000)
  region size 2048K, 75 young (153600K), 1 survivors (2048K)
 Metaspace       used 7580K, committed 7808K, reserved 1114112K
  class space    used 390K, committed 512K, reserved 1048576K
}
Event: 14.690 GC heap after
{Heap after GC invocations=5 (full 0):
 garbage-first heap   total 258048K, used 15799K [0x0000000704c00000, 0x0000000800000000)
  region size 2048K, 1 young (2048K), 1 survivors (2048K)
 Metaspace       used 7580K, committed 7808K, reserved 1114112K
  class space    used 390K, committed 512K, reserved 1048576K
}
Event: 28.296 GC heap before
{Heap before GC invocations=5 (full 0):
 garbage-first heap   total 258048K, used 167351K [0x0000000704c00000, 0x0000000800000000)
  region size 2048K, 75 young (153600K), 1 survivors (2048K)
 Metaspace       used 7700K, committed 7872K, reserved 1114112K
  class space    used 398K, committed 512K, reserved 1048576K
}
Event: 28.322 GC heap after
{Heap after GC invocations=6 (full 0):
 garbage-first heap   total 258048K, used 15823K [0x0000000704c00000, 0x0000000800000000)
  region size 2048K, 1 young (2048K), 1 survivors (2048K)
 Metaspace       used 7700K, committed 7872K, reserved 1114112K
  class space    used 398K, committed 512K, reserved 1048576K
}

