# JRE version: OpenJDK Runtime Environment Corretto-18.0.2.9.1 (18.0.2+9) (build 18.0.2+9-FR)
# Java VM: OpenJDK 64-Bit Server VM Corretto-18.0.2.9.1 (18.0.2+9-FR, mixed mode, sharing, tiered, compressed oops, compressed class ptrs, g1 gc, windows-amd64)
GC Precious Log:
 CardTable entry size: 512
 Card Set container configuration: InlinePtr #cards 4 size 8 Array Of Cards #cards 16 size 48 Howl #buckets 8 coarsen threshold 3686 Howl Bitmap #cards 512 size 80 coarsen threshold 460 Card regions per heap region 1 cards per card region 4096
 CPUs: 8 total, 8 available
 Memory: 16075M
 Large Page Support: Disabled
 NUMA Support: Disabled
 Compressed Oops: Enabled (Zero based)
 Heap Region Size: 2M
 Heap Min Capacity: 8M
 Heap Initial Capacity: 252M
 Heap Max Capacity: 4020M
 Pre-touch: Disabled
 Parallel Workers: 8
 Concurrent Workers: 2
 Concurrent Refinement Workers: 8
 Periodic GC: Disabled
Heap:
 garbage-first heap   total 258048K, used 44590K [0x0000000704c00000, 0x0000000800000000)
  region size 2048K, 16 young (32768K), 1 survivors (2048K)
 Metaspace       used 7745K, committed 7936K, reserved 1114112K
  class space    used 398K, committed 512K, reserved 1048576K
GC Heap History (16 events):
Event: 1.179 GC heap before
{Heap before GC invocations=0 (full 0):
 garbage-first heap   total 258048K, used 20480K [0x0000000704c00000, 0x0000000800000000)
  region size 2048K, 11 young (22528K), 0 survivors (0K)
 Metaspace       used 6448K, committed 6656K, reserved 1114112K
  class space    used 345K, committed 448K, reserved 1048576K
}
Event: 1.182 GC heap after
{Heap after GC invocations=1 (full 0):
 garbage-first heap   total 258048K, used 6080K [0x0000000704c00000, 0x0000000800000000)
  region size 2048K, 2 young (4096K), 2 survivors (4096K)
 Metaspace       used 6448K, committed 6656K, reserved 1114112K
  class space    used 345K, committed 448K, reserved 1048576K
}
Event: 2.100 GC heap before
{Heap before GC invocations=1 (full 0):
 garbage-first heap   total 258048K, used 30656K [0x0000000704c00000, 0x0000000800000000)
  region size 2048K, 15 young (30720K), 2 survivors (4096K)
 Metaspace       used 6908K, committed 7104K, reserved 1114112K
  class space    used 385K, committed 512K, reserved 1048576K
}
Event: 2.105 GC heap after
{Heap after GC invocations=2 (full 0):
 garbage-first heap   total 258048K, used 14934K [0x0000000704c00000, 0x0000000800000000)
  region size 2048K, 2 young (4096K), 2 survivors (4096K)
 Metaspace       used 6908K, committed 7104K, reserved 1114112K
  class space    used 385K, committed 512K, reserved 1048576K
}
Event: 3.031 GC heap before
{Heap before GC invocations=2 (full 0):
 garbage-first heap   total 258048K, used 49750K [0x0000000704c00000, 0x0000000800000000)
  region size 2048K, 20 young (40960K), 2 survivors (4096K)
 Metaspace       used 7198K, committed 7424K, reserved 1114112K
  class space    used 393K, committed 512K, reserved 1048576K
}
Event: 3.032 GC heap after
{Heap after GC invocations=3 (full 0):
 garbage-first heap   total 258048K, used 16925K [0x0000000704c00000, 0x0000000800000000)
  region size 2048K, 1 young (2048K), 1 survivors (2048K)
 Metaspace       used 7198K, committed 7424K, reserved 1114112K
  class space    used 393K, committed 512K, reserved 1048576K
}
Event: 6.622 GC heap before
{Heap before GC invocations=3 (full 0):
 garbage-first heap   total 258048K, used 168477K [0x0000000704c00000, 0x0000000800000000)
  region size 2048K, 75 young (153600K), 1 survivors (2048K)
 Metaspace       used 7372K, committed 7552K, reserved 1114112K
  class space    used 393K, committed 512K, reserved 1048576K
}
Event: 6.622 GC heap after
{Heap after GC invocations=4 (full 0):
 garbage-first heap   total 258048K, used 15939K [0x0000000704c00000, 0x0000000800000000)
  region size 2048K, 1 young (2048K), 1 survivors (2048K)
 Metaspace       used 7372K, committed 7552K, reserved 1114112K
  class space    used 393K, committed 512K, reserved 1048576K
}
Event: 10.205 GC heap before
{Heap before GC invocations=4 (full 0):
 garbage-first heap   total 258048K, used 167491K [0x0000000704c00000, 0x0000000800000000)
  region size 2048K, 75 young (153600K), 1 survivors (2048K)
 Metaspace       used 7449K, committed 7616K, reserved 1114112K
  class space    used 393K, committed 512K, reserved 1048576K
}
Event: 10.206 GC heap after
{Heap after GC invocations=5 (full 0):
 garbage-first heap   total 258048K, used 15813K [0x0000000704c00000, 0x0000000800000000)
  region size 2048K, 1 young (2048K), 1 survivors (2048K)
 Metaspace       used 7449K, committed 7616K, reserved 1114112K
  class space    used 393K, committed 512K, reserved 1048576K
}
Event: 14.195 GC heap before
{Heap before GC invocations=5 (full 0):
 garbage-first heap   total 258048K, used 167365K [0x0000000704c00000, 0x0000000800000000)
  region size 2048K, 75 young (153600K), 1 survivors (2048K)
 Metaspace       used 7660K, committed 7872K, reserved 1114112K
  class space    used 397K, committed 512K, reserved 1048576K
}
Event: 14.196 GC heap after
{Heap after GC invocations=6 (full 0):
 garbage-first heap   total 258048K, used 15828K [0x0000000704c00000, 0x0000000800000000)
  region size 2048K, 1 young (2048K), 1 survivors (2048K)
 Metaspace       used 7660K, committed 7872K, reserved 1114112K
  class space    used 397K, committed 512K, reserved 1048576K
}
Event: 22.575 GC heap before
{Heap before GC invocations=6 (full 0):
 garbage-first heap   total 258048K, used 167380K [0x0000000704c00000, 0x0000000800000000)
  region size 2048K, 75 young (153600K), 1 survivors (2048K)
 Metaspace       used 7720K, committed 7936K, reserved 1114112K
  class space    used 397K, committed 512K, reserved 1048576K
}
Event: 22.577 GC heap after
{Heap after GC invocations=7 (full 0):
 garbage-first heap   total 258048K, used 16179K [0x0000000704c00000, 0x0000000800000000)
  region size 2048K, 1 young (2048K), 1 survivors (2048K)
 Metaspace       used 7720K, committed 7936K, reserved 1114112K
  class space    used 397K, committed 512K, reserved 1048576K
}
Event: 34.882 GC heap before
{Heap before GC invocations=7 (full 0):
 garbage-first heap   total 258048K, used 167731K [0x0000000704c00000, 0x0000000800000000)
  region size 2048K, 75 young (153600K), 1 survivors (2048K)
 Metaspace       used 7742K, committed 7936K, reserved 1114112K
  class space    used 397K, committed 512K, reserved 1048576K
}
Event: 34.913 GC heap after
{Heap after GC invocations=8 (full 0):
 garbage-first heap   total 258048K, used 15918K [0x0000000704c00000, 0x0000000800000000)
  region size 2048K, 1 young (2048K), 1 survivors (2048K)
 Metaspace       used 7742K, committed 7936K, reserved 1114112K
  class space    used 397K, committed 512K, reserved 1048576K
}

