# JRE version: OpenJDK Runtime Environment Corretto-18.0.2.9.1 (18.0.2+9) (build 18.0.2+9-FR)
# Java VM: OpenJDK 64-Bit Server VM Corretto-18.0.2.9.1 (18.0.2+9-FR, mixed mode, sharing, tiered, compressed oops, compressed class ptrs, g1 gc, windows-amd64)
GC Precious Log:
 CardTable entry size: 512
 Card Set container configuration: InlinePtr #cards 4 size 8 Array Of Cards #cards 16 size 48 Howl #buckets 8 coarsen threshold 3686 Howl Bitmap #cards 512 size 80 coarsen threshold 460 Card regions per heap region 1 cards per card region 4096
 CPUs: 8 total, 8 available
 Memory: 16075M
 Large Page Support: Disabled
 NUMA Support: Disabled
 Compressed Oops: Enabled (Zero based)
 Heap Region Size: 2M
 Heap Min Capacity: 8M
 Heap Initial Capacity: 252M
 Heap Max Capacity: 4020M
 Pre-touch: Disabled
 Parallel Workers: 8
 Concurrent Workers: 2
 Concurrent Refinement Workers: 8
 Periodic GC: Disabled
Heap:
 garbage-first heap   total 258048K, used 54709K [0x0000000704c00000, 0x0000000800000000)
  region size 2048K, 21 young (43008K), 2 survivors (4096K)
 Metaspace       used 7509K, committed 7744K, reserved 1114112K
  class space    used 388K, committed 512K, reserved 1048576K
GC Heap History (14 events):
Event: 1.216 GC heap before
{Heap before GC invocations=0 (full 0):
 garbage-first heap   total 258048K, used 20480K [0x0000000704c00000, 0x0000000800000000)
  region size 2048K, 11 young (22528K), 0 survivors (0K)
 Metaspace       used 6428K, committed 6592K, reserved 1114112K
  class space    used 343K, committed 448K, reserved 1048576K
}
Event: 1.221 GC heap after
{Heap after GC invocations=1 (full 0):
 garbage-first heap   total 258048K, used 5833K [0x0000000704c00000, 0x0000000800000000)
  region size 2048K, 2 young (4096K), 2 survivors (4096K)
 Metaspace       used 6428K, committed 6592K, reserved 1114112K
  class space    used 343K, committed 448K, reserved 1048576K
}
Event: 2.269 GC heap before
{Heap before GC invocations=1 (full 0):
 garbage-first heap   total 258048K, used 30409K [0x0000000704c00000, 0x0000000800000000)
  region size 2048K, 15 young (30720K), 2 survivors (4096K)
 Metaspace       used 6879K, committed 7104K, reserved 1114112K
  class space    used 385K, committed 512K, reserved 1048576K
}
Event: 2.278 GC heap after
{Heap after GC invocations=2 (full 0):
 garbage-first heap   total 258048K, used 15028K [0x0000000704c00000, 0x0000000800000000)
  region size 2048K, 2 young (4096K), 2 survivors (4096K)
 Metaspace       used 6879K, committed 7104K, reserved 1114112K
  class space    used 385K, committed 512K, reserved 1048576K
}
Event: 3.406 GC heap before
{Heap before GC invocations=2 (full 0):
 garbage-first heap   total 258048K, used 47796K [0x0000000704c00000, 0x0000000800000000)
  region size 2048K, 19 young (38912K), 2 survivors (4096K)
 Metaspace       used 6933K, committed 7168K, reserved 1114112K
  class space    used 385K, committed 512K, reserved 1048576K
}
Event: 3.409 GC heap after
{Heap after GC invocations=3 (full 0):
 garbage-first heap   total 258048K, used 16028K [0x0000000704c00000, 0x0000000800000000)
  region size 2048K, 1 young (2048K), 1 survivors (2048K)
 Metaspace       used 6933K, committed 7168K, reserved 1114112K
  class space    used 385K, committed 512K, reserved 1048576K
}
Event: 7.317 GC heap before
{Heap before GC invocations=3 (full 0):
 garbage-first heap   total 258048K, used 167580K [0x0000000704c00000, 0x0000000800000000)
  region size 2048K, 75 young (153600K), 1 survivors (2048K)
 Metaspace       used 7254K, committed 7488K, reserved 1114112K
  class space    used 385K, committed 512K, reserved 1048576K
}
Event: 7.318 GC heap after
{Heap after GC invocations=4 (full 0):
 garbage-first heap   total 258048K, used 15734K [0x0000000704c00000, 0x0000000800000000)
  region size 2048K, 1 young (2048K), 1 survivors (2048K)
 Metaspace       used 7254K, committed 7488K, reserved 1114112K
  class space    used 385K, committed 512K, reserved 1048576K
}
Event: 11.664 GC heap before
{Heap before GC invocations=4 (full 0):
 garbage-first heap   total 258048K, used 167286K [0x0000000704c00000, 0x0000000800000000)
  region size 2048K, 75 young (153600K), 1 survivors (2048K)
 Metaspace       used 7345K, committed 7616K, reserved 1114112K
  class space    used 385K, committed 512K, reserved 1048576K
}
Event: 11.666 GC heap after
{Heap after GC invocations=5 (full 0):
 garbage-first heap   total 258048K, used 15628K [0x0000000704c00000, 0x0000000800000000)
  region size 2048K, 1 young (2048K), 1 survivors (2048K)
 Metaspace       used 7345K, committed 7616K, reserved 1114112K
  class space    used 385K, committed 512K, reserved 1048576K
}
Event: 17.175 GC heap before
{Heap before GC invocations=5 (full 0):
 garbage-first heap   total 258048K, used 167180K [0x0000000704c00000, 0x0000000800000000)
  region size 2048K, 75 young (153600K), 1 survivors (2048K)
 Metaspace       used 7393K, committed 7616K, reserved 1114112K
  class space    used 385K, committed 512K, reserved 1048576K
}
Event: 17.187 GC heap after
{Heap after GC invocations=6 (full 0):
 garbage-first heap   total 258048K, used 15608K [0x0000000704c00000, 0x0000000800000000)
  region size 2048K, 1 young (2048K), 1 survivors (2048K)
 Metaspace       used 7393K, committed 7616K, reserved 1114112K
  class space    used 385K, committed 512K, reserved 1048576K
}
Event: 25.312 GC heap before
{Heap before GC invocations=6 (full 0):
 garbage-first heap   total 258048K, used 167160K [0x0000000704c00000, 0x0000000800000000)
  region size 2048K, 75 young (153600K), 1 survivors (2048K)
 Metaspace       used 7507K, committed 7744K, reserved 1114112K
  class space    used 388K, committed 512K, reserved 1048576K
}
Event: 25.342 GC heap after
{Heap after GC invocations=7 (full 0):
 garbage-first heap   total 258048K, used 17845K [0x0000000704c00000, 0x0000000800000000)
  region size 2048K, 2 young (4096K), 2 survivors (4096K)
 Metaspace       used 7507K, committed 7744K, reserved 1114112K
  class space    used 388K, committed 512K, reserved 1048576K
}

